Using pre-set license
Built from '2020.3/release' branch; Version is '2020.3.2f1 (8fd9074bf66c) revision 9427207'; Using compiler version '192528614'; Build Type 'Release'
OS: 'Windows 10 Home; OS build 19042.1288; Version 2009; 64bit' Language: 'en' Physical Memory: 16226 MB
BatchMode: 1, IsHumanControllingUs: 0, StartBugReporterOnCrash: 0, Is64bit: 1, IsPro: 0

 COMMAND LINE ARGUMENTS:
C:\Program Files\Unity\Hub\Editor\2020.3.2f1\Editor\Unity.exe
-adb2
-batchMode
-noUpm
-name
AssetImportWorker0
-projectPath
D:/Repos/Unity 3D/CitySim
-logFile
Logs/AssetImportWorker0.log
-srvPort
60124
Successfully changed project path to: D:/Repos/Unity 3D/CitySim
D:/Repos/Unity 3D/CitySim
Using Asset Import Pipeline V2.
Refreshing native plugins compatible for Editor in 74.70 ms, found 0 plugins.
Preloading 0 native plugins for Editor in 0.00 ms.
Initialize engine version: 2020.3.2f1 (8fd9074bf66c)
[Subsystems] Discovering subsystems at path C:/Program Files/Unity/Hub/Editor/2020.3.2f1/Editor/Data/Resources/UnitySubsystems
[Subsystems] Discovering subsystems at path D:/Repos/Unity 3D/CitySim/Assets
GfxDevice: creating device client; threaded=0
Direct3D:
    Version:  Direct3D 11.0 [level 11.1]
    Renderer: NVIDIA GeForce GTX 1060 (ID=0x1c20)
    Vendor:   
    VRAM:     6052 MB
    Driver:   26.21.14.4223
Shader 'Universal Render Pipeline/Particles/Lit': fallback shader 'Universal Render Pipeline/Particles/SimpleLit' not found
Initialize mono
Mono path[0] = 'C:/Program Files/Unity/Hub/Editor/2020.3.2f1/Editor/Data/Managed'
Mono path[1] = 'C:/Program Files/Unity/Hub/Editor/2020.3.2f1/Editor/Data/MonoBleedingEdge/lib/mono/unityjit'
Mono config path = 'C:/Program Files/Unity/Hub/Editor/2020.3.2f1/Editor/Data/MonoBleedingEdge/etc'
Using monoOptions --debugger-agent=transport=dt_socket,embedding=1,server=y,suspend=n,address=127.0.0.1:56748
Begin MonoManager ReloadAssembly
Registering precompiled unity dll's ...
Register platform support module: C:/Program Files/Unity/Hub/Editor/2020.3.2f1/Editor/Data/PlaybackEngines/WindowsStandaloneSupport/UnityEditor.WindowsStandalone.Extensions.dll
Registered in 0.002343 seconds.
Native extension for WindowsStandalone target not found
Refreshing native plugins compatible for Editor in 75.79 ms, found 0 plugins.
Preloading 0 native plugins for Editor in 0.00 ms.
Invoked RoslynAnalysisRunner static constructor.
RoslynAnalysisRunner will not be running.
RoslynAnalysisRunner has terminated.
Mono: successfully reloaded assembly
- Completed reload, in  2.326 seconds
Platform modules already initialized, skipping
Registering precompiled user dll's ...
Registered in 0.001363 seconds.
Begin MonoManager ReloadAssembly
Native extension for WindowsStandalone target not found
Refreshing native plugins compatible for Editor in 89.60 ms, found 0 plugins.
Preloading 0 native plugins for Editor in 0.00 ms.
Invoked RoslynAnalysisRunner static constructor.
RoslynAnalysisRunner will not be running.
RoslynAnalysisRunner has terminated.
Mono: successfully reloaded assembly
- Completed reload, in  1.181 seconds
Platform modules already initialized, skipping
========================================================================
Worker process is ready to serve import requests
Shader 'Universal Render Pipeline/Particles/Lit': fallback shader 'Universal Render Pipeline/Particles/SimpleLit' not found
Launched and connected shader compiler UnityShaderCompiler.exe after 0.05 seconds
Refreshing native plugins compatible for Editor in 0.62 ms, found 0 plugins.
Preloading 0 native plugins for Editor in 0.00 ms.
Unloading 3391 Unused Serialized files (Serialized files now loaded: 0)
System memory in use before: 160.2 MB.
System memory in use after: 160.3 MB.

Unloading 14 unused Assets to reduce memory usage. Loaded Objects now: 3841.
Total: 2.539000 ms (FindLiveObjects: 0.304500 ms CreateObjectMapping: 0.192900 ms MarkObjects: 1.952900 ms  DeleteObjects: 0.087900 ms)

========================================================================
Received Prepare
Shader 'Universal Render Pipeline/Particles/Lit': fallback shader 'Universal Render Pipeline/Particles/SimpleLit' not found
Refreshing native plugins compatible for Editor in 1.13 ms, found 0 plugins.
Preloading 0 native plugins for Editor in 0.00 ms.
Unloading 4 Unused Serialized files (Serialized files now loaded: 0)
System memory in use before: 84.1 MB.
System memory in use after: 84.4 MB.

Unloading 4 unused Assets to reduce memory usage. Loaded Objects now: 3841.
Total: 2.547900 ms (FindLiveObjects: 0.291200 ms CreateObjectMapping: 0.177300 ms MarkObjects: 2.019400 ms  DeleteObjects: 0.059500 ms)

========================================================================
Received Import Request.
  path: Assets/Scenes/TestScene.unity
  artifactKey: Guid(4ed42d908fc732c4aafb560353c10cee) Importer(815301076,1909f56bfc062723c751e8b465ee728b)
Start importing Assets/Scenes/TestScene.unity using Guid(4ed42d908fc732c4aafb560353c10cee) Importer(815301076,1909f56bfc062723c751e8b465ee728b)  -> (artifact id: 'd64f0b4b29249f0a4b122252ecfaa320') in 0.012273 seconds
  Import took 0.017096 seconds .

========================================================================
Received Import Request.
  Time since last request: 18.808138 seconds.
  path: Assets/Scenes/Playground.unity
  artifactKey: Guid(2e652fdf13d465c4991f78c25ace1bd7) Importer(815301076,1909f56bfc062723c751e8b465ee728b)
Start importing Assets/Scenes/Playground.unity using Guid(2e652fdf13d465c4991f78c25ace1bd7) Importer(815301076,1909f56bfc062723c751e8b465ee728b)  -> (artifact id: '16199e6d63edd7162cdccbaabb4a1ecb') in 0.006617 seconds
  Import took 0.012214 seconds .

========================================================================
Received Prepare
Registering precompiled user dll's ...
Registered in 0.001283 seconds.
Begin MonoManager ReloadAssembly
Native extension for WindowsStandalone target not found
Refreshing native plugins compatible for Editor in 0.65 ms, found 0 plugins.
Preloading 0 native plugins for Editor in 0.00 ms.
Invoked RoslynAnalysisRunner static constructor.
RoslynAnalysisRunner will not be running.
RoslynAnalysisRunner has terminated.
Mono: successfully reloaded assembly
- Completed reload, in  1.006 seconds
Platform modules already initialized, skipping
Shader 'Universal Render Pipeline/Particles/Lit': fallback shader 'Universal Render Pipeline/Particles/SimpleLit' not found
Refreshing native plugins compatible for Editor in 0.82 ms, found 0 plugins.
Preloading 0 native plugins for Editor in 0.00 ms.
Unloading 3230 Unused Serialized files (Serialized files now loaded: 0)
System memory in use before: 148.3 MB.
System memory in use after: 148.5 MB.

Unloading 7 unused Assets to reduce memory usage. Loaded Objects now: 3843.
Total: 2.559800 ms (FindLiveObjects: 0.339200 ms CreateObjectMapping: 0.209700 ms MarkObjects: 1.942600 ms  DeleteObjects: 0.067400 ms)

========================================================================
Received Prepare
Registering precompiled user dll's ...
Registered in 0.001393 seconds.
Begin MonoManager ReloadAssembly
Native extension for WindowsStandalone target not found
Refreshing native plugins compatible for Editor in 0.67 ms, found 0 plugins.
Preloading 0 native plugins for Editor in 0.00 ms.
Invoked RoslynAnalysisRunner static constructor.
RoslynAnalysisRunner will not be running.
RoslynAnalysisRunner has terminated.
Mono: successfully reloaded assembly
- Completed reload, in  1.088 seconds
Platform modules already initialized, skipping
Shader 'Universal Render Pipeline/Particles/Lit': fallback shader 'Universal Render Pipeline/Particles/SimpleLit' not found
Refreshing native plugins compatible for Editor in 0.62 ms, found 0 plugins.
Preloading 0 native plugins for Editor in 0.00 ms.
Unloading 3230 Unused Serialized files (Serialized files now loaded: 0)
System memory in use before: 148.3 MB.
System memory in use after: 148.5 MB.

Unloading 7 unused Assets to reduce memory usage. Loaded Objects now: 3845.
Total: 2.736700 ms (FindLiveObjects: 0.320500 ms CreateObjectMapping: 0.171000 ms MarkObjects: 2.168700 ms  DeleteObjects: 0.075100 ms)

========================================================================
Received Prepare
Registering precompiled user dll's ...
Registered in 0.001593 seconds.
Begin MonoManager ReloadAssembly
Native extension for WindowsStandalone target not found
Refreshing native plugins compatible for Editor in 0.68 ms, found 0 plugins.
Preloading 0 native plugins for Editor in 0.00 ms.
Invoked RoslynAnalysisRunner static constructor.
RoslynAnalysisRunner will not be running.
RoslynAnalysisRunner has terminated.
Mono: successfully reloaded assembly
- Completed reload, in  1.102 seconds
Platform modules already initialized, skipping
Shader 'Universal Render Pipeline/Particles/Lit': fallback shader 'Universal Render Pipeline/Particles/SimpleLit' not found
Refreshing native plugins compatible for Editor in 0.69 ms, found 0 plugins.
Preloading 0 native plugins for Editor in 0.00 ms.
Unloading 3230 Unused Serialized files (Serialized files now loaded: 0)
System memory in use before: 148.4 MB.
System memory in use after: 148.6 MB.

Unloading 7 unused Assets to reduce memory usage. Loaded Objects now: 3847.
Total: 4.049300 ms (FindLiveObjects: 0.645200 ms CreateObjectMapping: 0.317200 ms MarkObjects: 2.993300 ms  DeleteObjects: 0.092100 ms)

========================================================================
Received Prepare
Registering precompiled user dll's ...
Registered in 0.001276 seconds.
Begin MonoManager ReloadAssembly
Native extension for WindowsStandalone target not found
Refreshing native plugins compatible for Editor in 0.68 ms, found 0 plugins.
Preloading 0 native plugins for Editor in 0.00 ms.
Invoked RoslynAnalysisRunner static constructor.
RoslynAnalysisRunner will not be running.
RoslynAnalysisRunner has terminated.
Mono: successfully reloaded assembly
- Completed reload, in  1.086 seconds
Platform modules already initialized, skipping
Shader 'Universal Render Pipeline/Particles/Lit': fallback shader 'Universal Render Pipeline/Particles/SimpleLit' not found
Refreshing native plugins compatible for Editor in 0.67 ms, found 0 plugins.
Preloading 0 native plugins for Editor in 0.00 ms.
Unloading 3230 Unused Serialized files (Serialized files now loaded: 0)
System memory in use before: 148.4 MB.
System memory in use after: 148.6 MB.

Unloading 7 unused Assets to reduce memory usage. Loaded Objects now: 3849.
Total: 3.184000 ms (FindLiveObjects: 0.423300 ms CreateObjectMapping: 0.237300 ms MarkObjects: 2.426500 ms  DeleteObjects: 0.096100 ms)

========================================================================
Received Prepare
Registering precompiled user dll's ...
Registered in 0.001264 seconds.
Begin MonoManager ReloadAssembly
Native extension for WindowsStandalone target not found
Refreshing native plugins compatible for Editor in 0.65 ms, found 0 plugins.
Preloading 0 native plugins for Editor in 0.00 ms.
Invoked RoslynAnalysisRunner static constructor.
RoslynAnalysisRunner will not be running.
RoslynAnalysisRunner has terminated.
Mono: successfully reloaded assembly
- Completed reload, in  0.986 seconds
Platform modules already initialized, skipping
Shader 'Universal Render Pipeline/Particles/Lit': fallback shader 'Universal Render Pipeline/Particles/SimpleLit' not found
Refreshing native plugins compatible for Editor in 0.63 ms, found 0 plugins.
Preloading 0 native plugins for Editor in 0.00 ms.
Unloading 3230 Unused Serialized files (Serialized files now loaded: 0)
System memory in use before: 148.4 MB.
System memory in use after: 148.6 MB.

Unloading 7 unused Assets to reduce memory usage. Loaded Objects now: 3851.
Total: 2.438000 ms (FindLiveObjects: 0.321900 ms CreateObjectMapping: 0.143700 ms MarkObjects: 1.903600 ms  DeleteObjects: 0.067800 ms)

========================================================================
Received Prepare
Registering precompiled user dll's ...
Registered in 0.001468 seconds.
Begin MonoManager ReloadAssembly
Native extension for WindowsStandalone target not found
Refreshing native plugins compatible for Editor in 0.61 ms, found 0 plugins.
Preloading 0 native plugins for Editor in 0.00 ms.
Invoked RoslynAnalysisRunner static constructor.
RoslynAnalysisRunner will not be running.
RoslynAnalysisRunner has terminated.
Mono: successfully reloaded assembly
- Completed reload, in  1.007 seconds
Platform modules already initialized, skipping
Shader 'Universal Render Pipeline/Particles/Lit': fallback shader 'Universal Render Pipeline/Particles/SimpleLit' not found
Refreshing native plugins compatible for Editor in 0.62 ms, found 0 plugins.
Preloading 0 native plugins for Editor in 0.00 ms.
Unloading 3230 Unused Serialized files (Serialized files now loaded: 0)
System memory in use before: 148.4 MB.
System memory in use after: 148.6 MB.

Unloading 7 unused Assets to reduce memory usage. Loaded Objects now: 3853.
Total: 2.580700 ms (FindLiveObjects: 0.337600 ms CreateObjectMapping: 0.181700 ms MarkObjects: 1.982700 ms  DeleteObjects: 0.077400 ms)

========================================================================
Received Prepare
Registering precompiled user dll's ...
Registered in 0.001754 seconds.
Begin MonoManager ReloadAssembly
Native extension for WindowsStandalone target not found
Refreshing native plugins compatible for Editor in 0.64 ms, found 0 plugins.
Preloading 0 native plugins for Editor in 0.00 ms.
Invoked RoslynAnalysisRunner static constructor.
RoslynAnalysisRunner will not be running.
RoslynAnalysisRunner has terminated.
Mono: successfully reloaded assembly
- Completed reload, in  1.043 seconds
Platform modules already initialized, skipping
Shader 'Universal Render Pipeline/Particles/Lit': fallback shader 'Universal Render Pipeline/Particles/SimpleLit' not found
Refreshing native plugins compatible for Editor in 0.61 ms, found 0 plugins.
Preloading 0 native plugins for Editor in 0.00 ms.
Unloading 3230 Unused Serialized files (Serialized files now loaded: 0)
System memory in use before: 148.4 MB.
System memory in use after: 148.6 MB.

Unloading 7 unused Assets to reduce memory usage. Loaded Objects now: 3855.
Total: 2.715400 ms (FindLiveObjects: 0.298500 ms CreateObjectMapping: 0.179100 ms MarkObjects: 2.164700 ms  DeleteObjects: 0.072000 ms)

========================================================================
Received Prepare
Registering precompiled user dll's ...
Registered in 0.001471 seconds.
Begin MonoManager ReloadAssembly
Native extension for WindowsStandalone target not found
Refreshing native plugins compatible for Editor in 0.66 ms, found 0 plugins.
Preloading 0 native plugins for Editor in 0.00 ms.
Invoked RoslynAnalysisRunner static constructor.
RoslynAnalysisRunner will not be running.
RoslynAnalysisRunner has terminated.
Mono: successfully reloaded assembly
- Completed reload, in  0.987 seconds
Platform modules already initialized, skipping
Shader 'Universal Render Pipeline/Particles/Lit': fallback shader 'Universal Render Pipeline/Particles/SimpleLit' not found
Refreshing native plugins compatible for Editor in 0.61 ms, found 0 plugins.
Preloading 0 native plugins for Editor in 0.00 ms.
Unloading 3230 Unused Serialized files (Serialized files now loaded: 0)
System memory in use before: 148.4 MB.
System memory in use after: 148.6 MB.

Unloading 7 unused Assets to reduce memory usage. Loaded Objects now: 3857.
Total: 2.822600 ms (FindLiveObjects: 0.310100 ms CreateObjectMapping: 0.161200 ms MarkObjects: 2.281000 ms  DeleteObjects: 0.069500 ms)

========================================================================
Received Import Request.
  Time since last request: 946.653216 seconds.
  path: Assets/Scenes/Playground.unity
  artifactKey: Guid(2e652fdf13d465c4991f78c25ace1bd7) Importer(815301076,1909f56bfc062723c751e8b465ee728b)
Start importing Assets/Scenes/Playground.unity using Guid(2e652fdf13d465c4991f78c25ace1bd7) Importer(815301076,1909f56bfc062723c751e8b465ee728b)  -> (artifact id: '9b393685742a5b29a427cc82198fa932') in 0.015942 seconds
  Import took 0.020978 seconds .

========================================================================
Received Prepare
Registering precompiled user dll's ...
Registered in 0.001353 seconds.
Begin MonoManager ReloadAssembly
Native extension for WindowsStandalone target not found
Refreshing native plugins compatible for Editor in 0.71 ms, found 0 plugins.
Preloading 0 native plugins for Editor in 0.00 ms.
Invoked RoslynAnalysisRunner static constructor.
RoslynAnalysisRunner will not be running.
RoslynAnalysisRunner has terminated.
Mono: successfully reloaded assembly
- Completed reload, in  1.124 seconds
Platform modules already initialized, skipping
Shader 'Universal Render Pipeline/Particles/Lit': fallback shader 'Universal Render Pipeline/Particles/SimpleLit' not found
Refreshing native plugins compatible for Editor in 0.64 ms, found 0 plugins.
Preloading 0 native plugins for Editor in 0.00 ms.
Unloading 3230 Unused Serialized files (Serialized files now loaded: 0)
System memory in use before: 148.6 MB.
System memory in use after: 148.8 MB.

Unloading 7 unused Assets to reduce memory usage. Loaded Objects now: 3859.
Total: 2.886000 ms (FindLiveObjects: 0.313600 ms CreateObjectMapping: 0.173200 ms MarkObjects: 2.320500 ms  DeleteObjects: 0.077500 ms)

========================================================================
Received Prepare
Registering precompiled user dll's ...
Registered in 0.001425 seconds.
Begin MonoManager ReloadAssembly
Native extension for WindowsStandalone target not found
Refreshing native plugins compatible for Editor in 0.68 ms, found 0 plugins.
Preloading 0 native plugins for Editor in 0.00 ms.
Invoked RoslynAnalysisRunner static constructor.
RoslynAnalysisRunner will not be running.
RoslynAnalysisRunner has terminated.
Mono: successfully reloaded assembly
- Completed reload, in  0.994 seconds
Platform modules already initialized, skipping
Shader 'Universal Render Pipeline/Particles/Lit': fallback shader 'Universal Render Pipeline/Particles/SimpleLit' not found
Refreshing native plugins compatible for Editor in 0.62 ms, found 0 plugins.
Preloading 0 native plugins for Editor in 0.00 ms.
Unloading 3230 Unused Serialized files (Serialized files now loaded: 0)
System memory in use before: 148.6 MB.
System memory in use after: 148.8 MB.

Unloading 7 unused Assets to reduce memory usage. Loaded Objects now: 3861.
Total: 3.008500 ms (FindLiveObjects: 0.298600 ms CreateObjectMapping: 0.163000 ms MarkObjects: 2.473700 ms  DeleteObjects: 0.072400 ms)

========================================================================
Received Prepare
Registering precompiled user dll's ...
Registered in 0.001216 seconds.
Begin MonoManager ReloadAssembly
Native extension for WindowsStandalone target not found
Refreshing native plugins compatible for Editor in 0.67 ms, found 0 plugins.
Preloading 0 native plugins for Editor in 0.00 ms.
Invoked RoslynAnalysisRunner static constructor.
RoslynAnalysisRunner will not be running.
RoslynAnalysisRunner has terminated.
Mono: successfully reloaded assembly
- Completed reload, in  0.996 seconds
Platform modules already initialized, skipping
Shader 'Universal Render Pipeline/Particles/Lit': fallback shader 'Universal Render Pipeline/Particles/SimpleLit' not found
Refreshing native plugins compatible for Editor in 0.64 ms, found 0 plugins.
Preloading 0 native plugins for Editor in 0.00 ms.
Unloading 3230 Unused Serialized files (Serialized files now loaded: 0)
System memory in use before: 148.5 MB.
System memory in use after: 148.7 MB.

Unloading 7 unused Assets to reduce memory usage. Loaded Objects now: 3863.
Total: 2.458800 ms (FindLiveObjects: 0.274700 ms CreateObjectMapping: 0.143000 ms MarkObjects: 1.972000 ms  DeleteObjects: 0.068100 ms)

========================================================================
Received Prepare
Registering precompiled user dll's ...
Registered in 0.001297 seconds.
Begin MonoManager ReloadAssembly
Native extension for WindowsStandalone target not found
Refreshing native plugins compatible for Editor in 0.66 ms, found 0 plugins.
Preloading 0 native plugins for Editor in 0.00 ms.
Invoked RoslynAnalysisRunner static constructor.
RoslynAnalysisRunner will not be running.
RoslynAnalysisRunner has terminated.
Mono: successfully reloaded assembly
- Completed reload, in  0.979 seconds
Platform modules already initialized, skipping
Shader 'Universal Render Pipeline/Particles/Lit': fallback shader 'Universal Render Pipeline/Particles/SimpleLit' not found
Refreshing native plugins compatible for Editor in 0.61 ms, found 0 plugins.
Preloading 0 native plugins for Editor in 0.00 ms.
Unloading 3230 Unused Serialized files (Serialized files now loaded: 0)
System memory in use before: 148.5 MB.
System memory in use after: 148.7 MB.

Unloading 7 unused Assets to reduce memory usage. Loaded Objects now: 3865.
Total: 2.743000 ms (FindLiveObjects: 0.343100 ms CreateObjectMapping: 0.207000 ms MarkObjects: 2.119100 ms  DeleteObjects: 0.073000 ms)

========================================================================
Received Prepare
Registering precompiled user dll's ...
Registered in 0.001353 seconds.
Begin MonoManager ReloadAssembly
Native extension for WindowsStandalone target not found
Refreshing native plugins compatible for Editor in 0.63 ms, found 0 plugins.
Preloading 0 native plugins for Editor in 0.00 ms.
Invoked RoslynAnalysisRunner static constructor.
RoslynAnalysisRunner will not be running.
RoslynAnalysisRunner has terminated.
Mono: successfully reloaded assembly
- Completed reload, in  1.043 seconds
Platform modules already initialized, skipping
Shader 'Universal Render Pipeline/Particles/Lit': fallback shader 'Universal Render Pipeline/Particles/SimpleLit' not found
Refreshing native plugins compatible for Editor in 0.65 ms, found 0 plugins.
Preloading 0 native plugins for Editor in 0.00 ms.
Unloading 3230 Unused Serialized files (Serialized files now loaded: 0)
System memory in use before: 148.6 MB.
System memory in use after: 148.8 MB.

Unloading 7 unused Assets to reduce memory usage. Loaded Objects now: 3867.
Total: 2.800300 ms (FindLiveObjects: 0.366500 ms CreateObjectMapping: 0.184500 ms MarkObjects: 2.171500 ms  DeleteObjects: 0.076400 ms)

========================================================================
Received Prepare
Registering precompiled user dll's ...
Registered in 0.002112 seconds.
Begin MonoManager ReloadAssembly
Native extension for WindowsStandalone target not found
Refreshing native plugins compatible for Editor in 0.66 ms, found 0 plugins.
Preloading 0 native plugins for Editor in 0.00 ms.
Invoked RoslynAnalysisRunner static constructor.
RoslynAnalysisRunner will not be running.
RoslynAnalysisRunner has terminated.
Mono: successfully reloaded assembly
- Completed reload, in  1.080 seconds
Platform modules already initialized, skipping
Shader 'Universal Render Pipeline/Particles/Lit': fallback shader 'Universal Render Pipeline/Particles/SimpleLit' not found
Refreshing native plugins compatible for Editor in 0.65 ms, found 0 plugins.
Preloading 0 native plugins for Editor in 0.00 ms.
Unloading 3230 Unused Serialized files (Serialized files now loaded: 0)
System memory in use before: 148.6 MB.
System memory in use after: 148.8 MB.

Unloading 7 unused Assets to reduce memory usage. Loaded Objects now: 3869.
Total: 2.520800 ms (FindLiveObjects: 0.337400 ms CreateObjectMapping: 0.168600 ms MarkObjects: 1.945000 ms  DeleteObjects: 0.068600 ms)

========================================================================
Received Import Request.
  Time since last request: 316.261788 seconds.
  path: Assets/Prefabs/Vehicles/CarYellowDarkBlue.prefab
  artifactKey: Guid(14cfdd4fa60d8c64ab37601abd5c0ff5) Importer(815301076,1909f56bfc062723c751e8b465ee728b)
Start importing Assets/Prefabs/Vehicles/CarYellowDarkBlue.prefab using Guid(14cfdd4fa60d8c64ab37601abd5c0ff5) Importer(815301076,1909f56bfc062723c751e8b465ee728b)  -> (artifact id: '490dedebfc6fe495bdfb27cc14ace082') in 0.327896 seconds
  Import took 0.333982 seconds .

========================================================================
Received Import Request.
  Time since last request: 15.163587 seconds.
  path: Assets/Prefabs/Vehicles/CarRedBlack.prefab
  artifactKey: Guid(3e0ed4e8410b8274cb926d86fe1bba26) Importer(815301076,1909f56bfc062723c751e8b465ee728b)
Start importing Assets/Prefabs/Vehicles/CarRedBlack.prefab using Guid(3e0ed4e8410b8274cb926d86fe1bba26) Importer(815301076,1909f56bfc062723c751e8b465ee728b)  -> (artifact id: '534f50573679f80537c1b12620373410') in 0.011651 seconds
  Import took 0.017029 seconds .

========================================================================
Received Import Request.
  Time since last request: 0.711896 seconds.
  path: Assets/Prefabs/Vehicles/CarCyanPurple.prefab
  artifactKey: Guid(00f4c25d63c9359488973e19736b8215) Importer(815301076,1909f56bfc062723c751e8b465ee728b)
Start importing Assets/Prefabs/Vehicles/CarCyanPurple.prefab using Guid(00f4c25d63c9359488973e19736b8215) Importer(815301076,1909f56bfc062723c751e8b465ee728b)  -> (artifact id: '9a8ce67c487f5024c3b3677dabc70b21') in 0.013383 seconds
  Import took 0.018376 seconds .

========================================================================
Received Prepare
Registering precompiled user dll's ...
Registered in 0.001476 seconds.
Begin MonoManager ReloadAssembly
Native extension for WindowsStandalone target not found
Refreshing native plugins compatible for Editor in 0.67 ms, found 0 plugins.
Preloading 0 native plugins for Editor in 0.00 ms.
Invoked RoslynAnalysisRunner static constructor.
RoslynAnalysisRunner will not be running.
RoslynAnalysisRunner has terminated.
Mono: successfully reloaded assembly
- Completed reload, in  2.119 seconds
Platform modules already initialized, skipping
Shader 'Universal Render Pipeline/Particles/Lit': fallback shader 'Universal Render Pipeline/Particles/SimpleLit' not found
Refreshing native plugins compatible for Editor in 0.69 ms, found 0 plugins.
Preloading 0 native plugins for Editor in 0.00 ms.
Unloading 3230 Unused Serialized files (Serialized files now loaded: 0)
System memory in use before: 153.9 MB.
System memory in use after: 154.1 MB.

Unloading 7 unused Assets to reduce memory usage. Loaded Objects now: 3917.
Total: 3.612300 ms (FindLiveObjects: 0.495100 ms CreateObjectMapping: 0.232200 ms MarkObjects: 2.794300 ms  DeleteObjects: 0.089300 ms)

========================================================================
Received Prepare
Registering precompiled user dll's ...
Registered in 0.001571 seconds.
Begin MonoManager ReloadAssembly
Native extension for WindowsStandalone target not found
Refreshing native plugins compatible for Editor in 0.62 ms, found 0 plugins.
Preloading 0 native plugins for Editor in 0.00 ms.
Invoked RoslynAnalysisRunner static constructor.
RoslynAnalysisRunner will not be running.
RoslynAnalysisRunner has terminated.
Mono: successfully reloaded assembly
- Completed reload, in  1.060 seconds
Platform modules already initialized, skipping
Shader 'Universal Render Pipeline/Particles/Lit': fallback shader 'Universal Render Pipeline/Particles/SimpleLit' not found
Refreshing native plugins compatible for Editor in 0.64 ms, found 0 plugins.
Preloading 0 native plugins for Editor in 0.00 ms.
Unloading 3230 Unused Serialized files (Serialized files now loaded: 0)
System memory in use before: 153.9 MB.
System memory in use after: 154.1 MB.

Unloading 7 unused Assets to reduce memory usage. Loaded Objects now: 3919.
Total: 2.453900 ms (FindLiveObjects: 0.284500 ms CreateObjectMapping: 0.153100 ms MarkObjects: 1.947200 ms  DeleteObjects: 0.068100 ms)

========================================================================
Received Prepare
Registering precompiled user dll's ...
Registered in 0.001284 seconds.
Begin MonoManager ReloadAssembly
Native extension for WindowsStandalone target not found
Refreshing native plugins compatible for Editor in 0.73 ms, found 0 plugins.
Preloading 0 native plugins for Editor in 0.00 ms.
Invoked RoslynAnalysisRunner static constructor.
RoslynAnalysisRunner will not be running.
RoslynAnalysisRunner has terminated.
Mono: successfully reloaded assembly
- Completed reload, in  1.133 seconds
Platform modules already initialized, skipping
Shader 'Universal Render Pipeline/Particles/Lit': fallback shader 'Universal Render Pipeline/Particles/SimpleLit' not found
Refreshing native plugins compatible for Editor in 0.75 ms, found 0 plugins.
Preloading 0 native plugins for Editor in 0.00 ms.
Unloading 3230 Unused Serialized files (Serialized files now loaded: 0)
System memory in use before: 153.8 MB.
System memory in use after: 154.0 MB.

Unloading 7 unused Assets to reduce memory usage. Loaded Objects now: 3921.
Total: 3.630300 ms (FindLiveObjects: 0.355300 ms CreateObjectMapping: 0.200500 ms MarkObjects: 2.983700 ms  DeleteObjects: 0.089500 ms)

========================================================================
Received Import Request.
  Time since last request: 269.576490 seconds.
  path: Assets/Prefabs/Vehicles/CarRedBlack.prefab
  artifactKey: Guid(3e0ed4e8410b8274cb926d86fe1bba26) Importer(815301076,1909f56bfc062723c751e8b465ee728b)
Start importing Assets/Prefabs/Vehicles/CarRedBlack.prefab using Guid(3e0ed4e8410b8274cb926d86fe1bba26) Importer(815301076,1909f56bfc062723c751e8b465ee728b)  -> (artifact id: '81233a6e8fc2014f9786003481a49f90') in 0.180304 seconds
  Import took 0.185596 seconds .

========================================================================
Received Import Request.
  Time since last request: 5.668421 seconds.
  path: Assets/Prefabs/Vehicles/CarYellowDarkBlue.prefab
  artifactKey: Guid(14cfdd4fa60d8c64ab37601abd5c0ff5) Importer(815301076,1909f56bfc062723c751e8b465ee728b)
Start importing Assets/Prefabs/Vehicles/CarYellowDarkBlue.prefab using Guid(14cfdd4fa60d8c64ab37601abd5c0ff5) Importer(815301076,1909f56bfc062723c751e8b465ee728b)  -> (artifact id: '4dfdf596ec6af2dac9e7325796963264') in 0.009889 seconds
  Import took 0.015104 seconds .

========================================================================
Received Import Request.
  Time since last request: 1.006225 seconds.
  path: Assets/Prefabs/Vehicles/CarCyanPurple.prefab
  artifactKey: Guid(00f4c25d63c9359488973e19736b8215) Importer(815301076,1909f56bfc062723c751e8b465ee728b)
Start importing Assets/Prefabs/Vehicles/CarCyanPurple.prefab using Guid(00f4c25d63c9359488973e19736b8215) Importer(815301076,1909f56bfc062723c751e8b465ee728b)  -> (artifact id: 'f8d72c3b2bf4ee355a06222987f2d41a') in 0.009967 seconds
  Import took 0.015121 seconds .

========================================================================
Received Import Request.
  Time since last request: 6.349012 seconds.
  path: Assets/Prefabs/Vehicles/CarRedBlack.prefab
  artifactKey: Guid(3e0ed4e8410b8274cb926d86fe1bba26) Importer(815301076,1909f56bfc062723c751e8b465ee728b)
Start importing Assets/Prefabs/Vehicles/CarRedBlack.prefab using Guid(3e0ed4e8410b8274cb926d86fe1bba26) Importer(815301076,1909f56bfc062723c751e8b465ee728b)  -> (artifact id: '8da07f05799b8adff8ac96041d15ba91') in 0.011558 seconds
  Import took 0.017357 seconds .

========================================================================
Received Import Request.
  Time since last request: 3.205212 seconds.
  path: Assets/Prefabs/Vehicles/CarRedBlack.prefab
  artifactKey: Guid(3e0ed4e8410b8274cb926d86fe1bba26) Importer(815301076,1909f56bfc062723c751e8b465ee728b)
Start importing Assets/Prefabs/Vehicles/CarRedBlack.prefab using Guid(3e0ed4e8410b8274cb926d86fe1bba26) Importer(815301076,1909f56bfc062723c751e8b465ee728b)  -> (artifact id: 'c3d21872187265cbb458cfebf386d0ca') in 0.010039 seconds
  Import took 0.015623 seconds .

========================================================================
Received Import Request.
  Time since last request: 1.832723 seconds.
  path: Assets/Prefabs/Vehicles/CarRedBlack.prefab
  artifactKey: Guid(3e0ed4e8410b8274cb926d86fe1bba26) Importer(815301076,1909f56bfc062723c751e8b465ee728b)
Start importing Assets/Prefabs/Vehicles/CarRedBlack.prefab using Guid(3e0ed4e8410b8274cb926d86fe1bba26) Importer(815301076,1909f56bfc062723c751e8b465ee728b)  -> (artifact id: 'bdc49f35e390a2d29e681fc0c9a5f4b6') in 0.011488 seconds
  Import took 0.016875 seconds .

========================================================================
Received Import Request.
  Time since last request: 7.490674 seconds.
  path: Assets/Prefabs/Vehicles/CarCyanPurple.prefab
  artifactKey: Guid(00f4c25d63c9359488973e19736b8215) Importer(815301076,1909f56bfc062723c751e8b465ee728b)
Start importing Assets/Prefabs/Vehicles/CarCyanPurple.prefab using Guid(00f4c25d63c9359488973e19736b8215) Importer(815301076,1909f56bfc062723c751e8b465ee728b)  -> (artifact id: '11332f12b3513092193b70a816df2e34') in 0.009503 seconds
  Import took 0.014867 seconds .

========================================================================
Received Import Request.
  Time since last request: 4.997602 seconds.
  path: Assets/Prefabs/Vehicles/CarRedBlack.prefab
  artifactKey: Guid(3e0ed4e8410b8274cb926d86fe1bba26) Importer(815301076,1909f56bfc062723c751e8b465ee728b)
Start importing Assets/Prefabs/Vehicles/CarRedBlack.prefab using Guid(3e0ed4e8410b8274cb926d86fe1bba26) Importer(815301076,1909f56bfc062723c751e8b465ee728b)  -> (artifact id: '1196bc9e3cbe87d9946030de896bde92') in 0.010639 seconds
  Import took 0.016395 seconds .

========================================================================
Received Import Request.
  Time since last request: 5.586524 seconds.
  path: Assets/Prefabs/Vehicles/CarYellowDarkBlue.prefab
  artifactKey: Guid(14cfdd4fa60d8c64ab37601abd5c0ff5) Importer(815301076,1909f56bfc062723c751e8b465ee728b)
Start importing Assets/Prefabs/Vehicles/CarYellowDarkBlue.prefab using Guid(14cfdd4fa60d8c64ab37601abd5c0ff5) Importer(815301076,1909f56bfc062723c751e8b465ee728b)  -> (artifact id: 'e79770960378808476e22d5098513cb1') in 0.010074 seconds
  Import took 0.015414 seconds .

========================================================================
Received Prepare
Registering precompiled user dll's ...
Registered in 0.001235 seconds.
Begin MonoManager ReloadAssembly
Native extension for WindowsStandalone target not found
Refreshing native plugins compatible for Editor in 0.62 ms, found 0 plugins.
Preloading 0 native plugins for Editor in 0.00 ms.
Invoked RoslynAnalysisRunner static constructor.
RoslynAnalysisRunner will not be running.
RoslynAnalysisRunner has terminated.
Mono: successfully reloaded assembly
- Completed reload, in  1.076 seconds
Platform modules already initialized, skipping
Shader 'Universal Render Pipeline/Particles/Lit': fallback shader 'Universal Render Pipeline/Particles/SimpleLit' not found
Refreshing native plugins compatible for Editor in 0.73 ms, found 0 plugins.
Preloading 0 native plugins for Editor in 0.00 ms.
Unloading 3230 Unused Serialized files (Serialized files now loaded: 0)
System memory in use before: 153.9 MB.
System memory in use after: 154.2 MB.

Unloading 7 unused Assets to reduce memory usage. Loaded Objects now: 3959.
Total: 3.741800 ms (FindLiveObjects: 0.505900 ms CreateObjectMapping: 0.224100 ms MarkObjects: 2.925700 ms  DeleteObjects: 0.085000 ms)

========================================================================
Received Import Request.
  Time since last request: 419.105571 seconds.
  path: Assets/Prefabs/Environment/Roads/Block.prefab
  artifactKey: Guid(6816d314b5adaa848b8baca67648e10c) Importer(815301076,1909f56bfc062723c751e8b465ee728b)
Start importing Assets/Prefabs/Environment/Roads/Block.prefab using Guid(6816d314b5adaa848b8baca67648e10c) Importer(815301076,1909f56bfc062723c751e8b465ee728b)  -> (artifact id: 'b9ac0af400fc117482f54870f4c3b71a') in 0.250058 seconds
  Import took 0.256813 seconds .

========================================================================
Received Import Request.
  Time since last request: 4.989043 seconds.
  path: Assets/Prefabs/Environment/Roads/CenterBlock.prefab
  artifactKey: Guid(6816d314b5adaa848b8baca67648e10c) Importer(815301076,1909f56bfc062723c751e8b465ee728b)
Start importing Assets/Prefabs/Environment/Roads/CenterBlock.prefab using Guid(6816d314b5adaa848b8baca67648e10c) Importer(815301076,1909f56bfc062723c751e8b465ee728b)  -> (artifact id: '800697c7126c6608ba7fd3c879295d3e') in 0.041834 seconds
  Import took 0.049139 seconds .

========================================================================
Received Import Request.
  Time since last request: 50.938488 seconds.
  path: Assets/Prefabs/Environment/Roads/OuterBlock (1).prefab
  artifactKey: Guid(05b012ef45692ae4a84d4d3d886f1598) Importer(815301076,1909f56bfc062723c751e8b465ee728b)
Start importing Assets/Prefabs/Environment/Roads/OuterBlock (1).prefab using Guid(05b012ef45692ae4a84d4d3d886f1598) Importer(815301076,1909f56bfc062723c751e8b465ee728b)  -> (artifact id: '05f6e4703c5a0d3a1881a75280929d5c') in 0.013192 seconds
  Import took 0.018580 seconds .

========================================================================
Received Import Request.
  Time since last request: 174.453674 seconds.
  path: Assets/Prefabs/Environment/Roads/BlockPieces/TrafficLightSidewalkCornerPiece.prefab
  artifactKey: Guid(c9a74a427239b2c4198ea780cb767c05) Importer(815301076,1909f56bfc062723c751e8b465ee728b)
Start importing Assets/Prefabs/Environment/Roads/BlockPieces/TrafficLightSidewalkCornerPiece.prefab using Guid(c9a74a427239b2c4198ea780cb767c05) Importer(815301076,1909f56bfc062723c751e8b465ee728b)  -> (artifact id: '41346d32fe4321d2bfa7a07ce19f531e') in 0.013071 seconds
  Import took 0.019993 seconds .

========================================================================
Received Import Request.
  Time since last request: 1605.265232 seconds.
  path: Assets/Prefabs/Environment/Roads/OuterBlock (1).prefab
  artifactKey: Guid(05b012ef45692ae4a84d4d3d886f1598) Importer(815301076,1909f56bfc062723c751e8b465ee728b)
Start importing Assets/Prefabs/Environment/Roads/OuterBlock (1).prefab using Guid(05b012ef45692ae4a84d4d3d886f1598) Importer(815301076,1909f56bfc062723c751e8b465ee728b)  -> (artifact id: '91e7b413a8a9e0da99039547720a08ae') in 0.031737 seconds
  Import took 0.039785 seconds .

========================================================================
Received Import Request.
  Time since last request: 0.002737 seconds.
  path: Assets/Prefabs/Environment/Roads/OuterBlock (1).prefab
  artifactKey: Guid(05b012ef45692ae4a84d4d3d886f1598) Importer(815301076,1909f56bfc062723c751e8b465ee728b)
Start importing Assets/Prefabs/Environment/Roads/OuterBlock (1).prefab using Guid(05b012ef45692ae4a84d4d3d886f1598) Importer(815301076,1909f56bfc062723c751e8b465ee728b)  -> (artifact id: '91e7b413a8a9e0da99039547720a08ae') in 0.024347 seconds
  Import took 0.030543 seconds .

========================================================================
Received Import Request.
  Time since last request: 2.791112 seconds.
  path: Assets/Prefabs/Environment/Roads/OuterBlock.prefab
  artifactKey: Guid(05b012ef45692ae4a84d4d3d886f1598) Importer(815301076,1909f56bfc062723c751e8b465ee728b)
Start importing Assets/Prefabs/Environment/Roads/OuterBlock.prefab using Guid(05b012ef45692ae4a84d4d3d886f1598) Importer(815301076,1909f56bfc062723c751e8b465ee728b)  -> (artifact id: '6872f0d0b84cdd0262352b406af6e503') in 0.026887 seconds
  Import took 0.033448 seconds .

========================================================================
Received Import Request.
  Time since last request: 1.674157 seconds.
  path: Assets/Prefabs/Environment/Roads/CornerBlock.prefab
  artifactKey: Guid(92bc24cb102abdd44ab6c117c016df69) Importer(815301076,1909f56bfc062723c751e8b465ee728b)
Start importing Assets/Prefabs/Environment/Roads/CornerBlock.prefab using Guid(92bc24cb102abdd44ab6c117c016df69) Importer(815301076,1909f56bfc062723c751e8b465ee728b)  -> (artifact id: 'e8067dd149f3a4a7276a02f682bbabef') in 0.006992 seconds
  Import took 0.012488 seconds .

========================================================================
Received Prepare
Registering precompiled user dll's ...
Registered in 0.001300 seconds.
Begin MonoManager ReloadAssembly
Native extension for WindowsStandalone target not found
Refreshing native plugins compatible for Editor in 0.63 ms, found 0 plugins.
Preloading 0 native plugins for Editor in 0.00 ms.
Invoked RoslynAnalysisRunner static constructor.
RoslynAnalysisRunner will not be running.
RoslynAnalysisRunner has terminated.
Mono: successfully reloaded assembly
- Completed reload, in  1.058 seconds
Platform modules already initialized, skipping
Shader 'Universal Render Pipeline/Particles/Lit': fallback shader 'Universal Render Pipeline/Particles/SimpleLit' not found
Refreshing native plugins compatible for Editor in 0.65 ms, found 0 plugins.
Preloading 0 native plugins for Editor in 0.00 ms.
Unloading 3230 Unused Serialized files (Serialized files now loaded: 0)
System memory in use before: 155.0 MB.
System memory in use after: 155.2 MB.

Unloading 7 unused Assets to reduce memory usage. Loaded Objects now: 3998.
Total: 2.864600 ms (FindLiveObjects: 0.321600 ms CreateObjectMapping: 0.149700 ms MarkObjects: 2.321800 ms  DeleteObjects: 0.070200 ms)

========================================================================
Received Prepare
Registering precompiled user dll's ...
Registered in 0.001959 seconds.
Begin MonoManager ReloadAssembly
Native extension for WindowsStandalone target not found
Refreshing native plugins compatible for Editor in 0.66 ms, found 0 plugins.
Preloading 0 native plugins for Editor in 0.00 ms.
Invoked RoslynAnalysisRunner static constructor.
RoslynAnalysisRunner will not be running.
RoslynAnalysisRunner has terminated.
Mono: successfully reloaded assembly
- Completed reload, in  1.075 seconds
Platform modules already initialized, skipping
Shader 'Universal Render Pipeline/Particles/Lit': fallback shader 'Universal Render Pipeline/Particles/SimpleLit' not found
Refreshing native plugins compatible for Editor in 0.65 ms, found 0 plugins.
Preloading 0 native plugins for Editor in 0.00 ms.
Unloading 3230 Unused Serialized files (Serialized files now loaded: 0)
System memory in use before: 155.0 MB.
System memory in use after: 155.2 MB.

Unloading 7 unused Assets to reduce memory usage. Loaded Objects now: 4000.
Total: 2.967600 ms (FindLiveObjects: 0.361400 ms CreateObjectMapping: 0.228500 ms MarkObjects: 2.297800 ms  DeleteObjects: 0.078900 ms)

========================================================================
Received Prepare
Registering precompiled user dll's ...
Registered in 0.001394 seconds.
Begin MonoManager ReloadAssembly
Native extension for WindowsStandalone target not found
Refreshing native plugins compatible for Editor in 0.66 ms, found 0 plugins.
Preloading 0 native plugins for Editor in 0.00 ms.
Invoked RoslynAnalysisRunner static constructor.
RoslynAnalysisRunner will not be running.
RoslynAnalysisRunner has terminated.
Mono: successfully reloaded assembly
- Completed reload, in  1.069 seconds
Platform modules already initialized, skipping
Shader 'Universal Render Pipeline/Particles/Lit': fallback shader 'Universal Render Pipeline/Particles/SimpleLit' not found
Refreshing native plugins compatible for Editor in 0.66 ms, found 0 plugins.
Preloading 0 native plugins for Editor in 0.00 ms.
Unloading 3230 Unused Serialized files (Serialized files now loaded: 0)
System memory in use before: 155.0 MB.
System memory in use after: 155.2 MB.

Unloading 7 unused Assets to reduce memory usage. Loaded Objects now: 4002.
Total: 2.790200 ms (FindLiveObjects: 0.376000 ms CreateObjectMapping: 0.178800 ms MarkObjects: 2.160100 ms  DeleteObjects: 0.074300 ms)

========================================================================
Received Prepare
Registering precompiled user dll's ...
Registered in 0.001485 seconds.
Begin MonoManager ReloadAssembly
Native extension for WindowsStandalone target not found
Refreshing native plugins compatible for Editor in 0.76 ms, found 0 plugins.
Preloading 0 native plugins for Editor in 0.00 ms.
Invoked RoslynAnalysisRunner static constructor.
RoslynAnalysisRunner will not be running.
RoslynAnalysisRunner has terminated.
Mono: successfully reloaded assembly
- Completed reload, in  1.081 seconds
Platform modules already initialized, skipping
Shader 'Universal Render Pipeline/Particles/Lit': fallback shader 'Universal Render Pipeline/Particles/SimpleLit' not found
Refreshing native plugins compatible for Editor in 0.64 ms, found 0 plugins.
Preloading 0 native plugins for Editor in 0.00 ms.
Unloading 3230 Unused Serialized files (Serialized files now loaded: 0)
System memory in use before: 155.0 MB.
System memory in use after: 155.2 MB.

Unloading 7 unused Assets to reduce memory usage. Loaded Objects now: 4004.
Total: 3.429100 ms (FindLiveObjects: 0.397800 ms CreateObjectMapping: 0.253100 ms MarkObjects: 2.700400 ms  DeleteObjects: 0.076500 ms)

========================================================================
Received Import Request.
  Time since last request: 2800.604556 seconds.
  path: Assets/Prefabs/Vehicles/CarYellowDarkBlue.prefab
  artifactKey: Guid(14cfdd4fa60d8c64ab37601abd5c0ff5) Importer(815301076,1909f56bfc062723c751e8b465ee728b)
Start importing Assets/Prefabs/Vehicles/CarYellowDarkBlue.prefab using Guid(14cfdd4fa60d8c64ab37601abd5c0ff5) Importer(815301076,1909f56bfc062723c751e8b465ee728b)  -> (artifact id: '2dbc90ef6686883e3d49b520dd7a5813') in 0.181154 seconds
  Import took 0.187157 seconds .

========================================================================
Received Prepare
Registering precompiled user dll's ...
Registered in 0.001360 seconds.
Begin MonoManager ReloadAssembly
Native extension for WindowsStandalone target not found
Refreshing native plugins compatible for Editor in 0.70 ms, found 0 plugins.
Preloading 0 native plugins for Editor in 0.00 ms.
Invoked RoslynAnalysisRunner static constructor.
RoslynAnalysisRunner will not be running.
RoslynAnalysisRunner has terminated.
Mono: successfully reloaded assembly
- Completed reload, in  1.535 seconds
Platform modules already initialized, skipping
Shader 'Universal Render Pipeline/Particles/Lit': fallback shader 'Universal Render Pipeline/Particles/SimpleLit' not found
Refreshing native plugins compatible for Editor in 0.66 ms, found 0 plugins.
Preloading 0 native plugins for Editor in 0.00 ms.
Unloading 3230 Unused Serialized files (Serialized files now loaded: 0)
System memory in use before: 155.1 MB.
System memory in use after: 155.3 MB.

Unloading 7 unused Assets to reduce memory usage. Loaded Objects now: 4042.
Total: 3.722600 ms (FindLiveObjects: 0.558800 ms CreateObjectMapping: 0.204500 ms MarkObjects: 2.862900 ms  DeleteObjects: 0.094400 ms)

AssetImportWorkerClient::OnTransportError - code=2 error=End of file
